<?xml version="1.0" encoding="UTF-8"?>
<!-- Generated by org.testng.reporters.JUnitXMLReporter -->
<testsuite ignored="3" hostname="SarthakSyduAIO" failures="0" tests="1" name="Default test" time="26.457" errors="0" timestamp="2023-05-29T22:01:52 EDT">
  <testcase classname="com.tutorialsninja.practice.testcases.CompleteTest" name="completeBuying" time="19.229"/>
  <testcase classname="com.tutorialsninja.practice.testcases.CompleteTest" name="clickOnLaptopsandNotebooks" time="0.0">
    <ignored/>
  </testcase> <!-- clickOnLaptopsandNotebooks -->
  <testcase classname="com.tutorialsninja.practice.testcases.CompleteTest" name="completeTestCasePositively" time="0.0">
    <ignored/>
  </testcase> <!-- completeTestCasePositively -->
  <testcase classname="com.tutorialsninja.practice.testcases.CompleteTest" name="clickOnHPLaptop" time="0.0">
    <ignored/>
  </testcase> <!-- clickOnHPLaptop -->
</testsuite> <!-- Default test -->
