<?xml version="1.0" encoding="UTF-8"?>
<!-- Generated by org.testng.reporters.JUnitXMLReporter -->
<testsuite ignored="0" hostname="SarthakSyduAIO" failures="0" tests="4" name="Test" time="43.869" errors="0" timestamp="30 May 2023 02:05:17 GMT">
  <testcase classname="com.tutorialsninja.practice.testcases.CompleteTest" name="completeTestCasePositively" time="0.041"/>
  <testcase classname="com.tutorialsninja.practice.testcases.CompleteTest" name="clickOnLaptopsandNotebooks" time="0.886"/>
  <testcase classname="com.tutorialsninja.practice.testcases.CompleteTest" name="clickOnHPLaptop" time="1.66"/>
  <testcase classname="com.tutorialsninja.practice.testcases.CompleteTest" name="completeBuying" time="19.285"/>
</testsuite> <!-- Test -->
