<?xml version="1.0" encoding="UTF-8"?>
<testng-results ignored="0" total="4" passed="4" failed="0" skipped="0">
  <reporter-output>
  </reporter-output>
  <suite started-at="2023-05-30T02:04:33Z" name="Suite" finished-at="2023-05-30T02:05:17Z" duration-ms="43869">
    <groups>
    </groups>
    <test started-at="2023-05-30T02:04:33Z" name="Test" finished-at="2023-05-30T02:05:17Z" duration-ms="43869">
      <class name="com.tutorialsninja.practice.testcases.CompleteTest">
        <test-method is-config="true" signature="setup()[pri:0, instance:com.tutorialsninja.practice.testcases.CompleteTest@30f842ca]" started-at="2023-05-30T02:04:33Z" name="setup" finished-at="2023-05-30T02:04:39Z" duration-ms="5870" status="PASS">
          <reporter-output>
          </reporter-output>
        </test-method> <!-- setup -->
        <test-method signature="completeTestCasePositively()[pri:1, instance:com.tutorialsninja.practice.testcases.CompleteTest@30f842ca]" started-at="2023-05-30T02:04:39Z" name="completeTestCasePositively" finished-at="2023-05-30T02:04:39Z" duration-ms="41" status="PASS">
          <reporter-output>
          </reporter-output>
        </test-method> <!-- completeTestCasePositively -->
        <test-method is-config="true" signature="tearDown()[pri:0, instance:com.tutorialsninja.practice.testcases.CompleteTest@30f842ca]" started-at="2023-05-30T02:04:39Z" name="tearDown" finished-at="2023-05-30T02:04:39Z" duration-ms="69" status="PASS">
          <reporter-output>
          </reporter-output>
        </test-method> <!-- tearDown -->
        <test-method is-config="true" signature="setup()[pri:0, instance:com.tutorialsninja.practice.testcases.CompleteTest@30f842ca]" started-at="2023-05-30T02:04:39Z" name="setup" finished-at="2023-05-30T02:04:44Z" duration-ms="5333" status="PASS">
          <reporter-output>
          </reporter-output>
        </test-method> <!-- setup -->
        <test-method signature="clickOnLaptopsandNotebooks()[pri:2, instance:com.tutorialsninja.practice.testcases.CompleteTest@30f842ca]" started-at="2023-05-30T02:04:44Z" name="clickOnLaptopsandNotebooks" finished-at="2023-05-30T02:04:45Z" duration-ms="886" status="PASS">
          <reporter-output>
          </reporter-output>
        </test-method> <!-- clickOnLaptopsandNotebooks -->
        <test-method is-config="true" signature="tearDown()[pri:0, instance:com.tutorialsninja.practice.testcases.CompleteTest@30f842ca]" started-at="2023-05-30T02:04:45Z" name="tearDown" finished-at="2023-05-30T02:04:45Z" duration-ms="88" status="PASS">
          <reporter-output>
          </reporter-output>
        </test-method> <!-- tearDown -->
        <test-method is-config="true" signature="setup()[pri:0, instance:com.tutorialsninja.practice.testcases.CompleteTest@30f842ca]" started-at="2023-05-30T02:04:45Z" name="setup" finished-at="2023-05-30T02:04:50Z" duration-ms="5107" status="PASS">
          <reporter-output>
          </reporter-output>
        </test-method> <!-- setup -->
        <test-method signature="clickOnHPLaptop()[pri:3, instance:com.tutorialsninja.practice.testcases.CompleteTest@30f842ca]" started-at="2023-05-30T02:04:50Z" name="clickOnHPLaptop" finished-at="2023-05-30T02:04:52Z" duration-ms="1660" status="PASS">
          <reporter-output>
          </reporter-output>
        </test-method> <!-- clickOnHPLaptop -->
        <test-method is-config="true" signature="tearDown()[pri:0, instance:com.tutorialsninja.practice.testcases.CompleteTest@30f842ca]" started-at="2023-05-30T02:04:52Z" name="tearDown" finished-at="2023-05-30T02:04:52Z" duration-ms="91" status="PASS">
          <reporter-output>
          </reporter-output>
        </test-method> <!-- tearDown -->
        <test-method is-config="true" signature="setup()[pri:0, instance:com.tutorialsninja.practice.testcases.CompleteTest@30f842ca]" started-at="2023-05-30T02:04:52Z" name="setup" finished-at="2023-05-30T02:04:57Z" duration-ms="5307" status="PASS">
          <reporter-output>
          </reporter-output>
        </test-method> <!-- setup -->
        <test-method signature="completeBuying()[pri:4, instance:com.tutorialsninja.practice.testcases.CompleteTest@30f842ca]" started-at="2023-05-30T02:04:57Z" name="completeBuying" finished-at="2023-05-30T02:05:17Z" duration-ms="19285" status="PASS">
          <reporter-output>
          </reporter-output>
        </test-method> <!-- completeBuying -->
        <test-method is-config="true" signature="tearDown()[pri:0, instance:com.tutorialsninja.practice.testcases.CompleteTest@30f842ca]" started-at="2023-05-30T02:05:17Z" name="tearDown" finished-at="2023-05-30T02:05:17Z" duration-ms="120" status="PASS">
          <reporter-output>
          </reporter-output>
        </test-method> <!-- tearDown -->
      </class> <!-- com.tutorialsninja.practice.testcases.CompleteTest -->
    </test> <!-- Test -->
  </suite> <!-- Suite -->
</testng-results>
