<?xml version="1.0" encoding="UTF-8"?>
<testng-results ignored="3" total="4" passed="1" failed="0" skipped="0">
  <reporter-output>
  </reporter-output>
  <suite started-at="2023-05-29T22:01:25 EDT" name="Default suite" finished-at="2023-05-29T22:01:52 EDT" duration-ms="26457">
    <groups>
    </groups>
    <test started-at="2023-05-29T22:01:25 EDT" name="Default test" finished-at="2023-05-29T22:01:52 EDT" duration-ms="26457">
      <class name="com.tutorialsninja.practice.testcases.CompleteTest">
        <test-method is-config="true" signature="setup()[pri:0, instance:com.tutorialsninja.practice.testcases.CompleteTest@2d710f1a]" started-at="2023-05-29T22:01:25 EDT" name="setup" finished-at="2023-05-29T22:01:32 EDT" duration-ms="7071" status="PASS">
          <reporter-output>
          </reporter-output>
        </test-method> <!-- setup -->
        <test-method signature="completeBuying()[pri:4, instance:com.tutorialsninja.practice.testcases.CompleteTest@2d710f1a]" started-at="2023-05-29T22:01:32 EDT" name="completeBuying" finished-at="2023-05-29T22:01:51 EDT" duration-ms="19229" status="PASS">
          <reporter-output>
          </reporter-output>
        </test-method> <!-- completeBuying -->
        <test-method is-config="true" signature="tearDown()[pri:0, instance:com.tutorialsninja.practice.testcases.CompleteTest@2d710f1a]" started-at="2023-05-29T22:01:51 EDT" name="tearDown" finished-at="2023-05-29T22:01:52 EDT" duration-ms="126" status="PASS">
          <reporter-output>
          </reporter-output>
        </test-method> <!-- tearDown -->
      </class> <!-- com.tutorialsninja.practice.testcases.CompleteTest -->
    </test> <!-- Default test -->
  </suite> <!-- Default suite -->
</testng-results>
